build/intermediates/manifest_merge_blame_file/debug/processDebugManifest/manifest-merger-blame-debug-report.txt
1<?xml version="1.0" encoding="utf-8"?>
2<manifest xmlns:android="http://schemas.android.com/apk/res/android"
3    package="org.pjsip.pjsua2"
4    android:versionCode="1"
5    android:versionName="1.0" >
6
7    <uses-sdk android:minSdkVersion="23" />
8
9    <uses-permission android:name="android.permission.CAMERA" />
9-->src/main/AndroidManifest.xml:6:5-65
9-->src/main/AndroidManifest.xml:6:22-62
10
11</manifest>